# JRE version: OpenJDK Runtime Environment (21.0.4) (build 21.0.4+-12508038-b607.1)
# Java VM: OpenJDK 64-Bit Server VM (21.0.4+-12508038-b607.1, mixed mode, tiered, compressed oops, compressed class ptrs, g1 gc, windows-amd64)
GC Precious Log:
 CardTable entry size: 512
 Card Set container configuration: InlinePtr #cards 5 size 8 Array Of Cards #cards 12 size 40 Howl #buckets 4 coarsen threshold 1843 Howl Bitmap #cards 512 size 80 coarsen threshold 460 Card regions per heap region 1 cards per card region 2048
 CPUs: 16 total, 16 available
 Memory: 11995M
 Large Page Support: Disabled
 NUMA Support: Disabled
 Compressed Oops: Enabled (32-bit)
 Heap Region Size: 1M
 Heap Min Capacity: 8M
 Heap Initial Capacity: 188M
 Heap Max Capacity: 2G
 Pre-touch: Disabled
 Parallel Workers: 13
 Concurrent Workers: 3
 Concurrent Refinement Workers: 13
 Periodic GC: Disabled
Heap:
 garbage-first heap   total 189440K, used 155556K [0x0000000080000000, 0x0000000100000000)
  region size 1024K, 49 young (50176K), 6 survivors (6144K)
 Metaspace       used 111230K, committed 113344K, reserved 1179648K
  class space    used 15238K, committed 16320K, reserved 1048576K
GC Heap History (20 events):
Event: 6.716 GC heap before
{Heap before GC invocations=24 (full 0):
 garbage-first heap   total 152576K, used 123222K [0x0000000080000000, 0x0000000100000000)
  region size 1024K, 47 young (48128K), 5 survivors (5120K)
 Metaspace       used 84562K, committed 86464K, reserved 1179648K
  class space    used 11329K, committed 12288K, reserved 1048576K
}
Event: 6.721 GC heap after
{Heap after GC invocations=25 (full 0):
 garbage-first heap   total 183296K, used 81540K [0x0000000080000000, 0x0000000100000000)
  region size 1024K, 3 young (3072K), 3 survivors (3072K)
 Metaspace       used 84562K, committed 86464K, reserved 1179648K
  class space    used 11329K, committed 12288K, reserved 1048576K
}
Event: 7.230 GC heap before
{Heap before GC invocations=25 (full 0):
 garbage-first heap   total 183296K, used 145028K [0x0000000080000000, 0x0000000100000000)
  region size 1024K, 62 young (63488K), 3 survivors (3072K)
 Metaspace       used 88948K, committed 90816K, reserved 1179648K
  class space    used 11908K, committed 12864K, reserved 1048576K
}
Event: 7.234 GC heap after
{Heap after GC invocations=26 (full 0):
 garbage-first heap   total 183296K, used 88193K [0x0000000080000000, 0x0000000100000000)
  region size 1024K, 6 young (6144K), 6 survivors (6144K)
 Metaspace       used 88948K, committed 90816K, reserved 1179648K
  class space    used 11908K, committed 12864K, reserved 1048576K
}
Event: 7.562 GC heap before
{Heap before GC invocations=26 (full 0):
 garbage-first heap   total 183296K, used 148609K [0x0000000080000000, 0x0000000100000000)
  region size 1024K, 65 young (66560K), 6 survivors (6144K)
 Metaspace       used 91369K, committed 93248K, reserved 1179648K
  class space    used 12231K, committed 13184K, reserved 1048576K
}
Event: 7.567 GC heap after
{Heap after GC invocations=27 (full 0):
 garbage-first heap   total 183296K, used 92947K [0x0000000080000000, 0x0000000100000000)
  region size 1024K, 9 young (9216K), 9 survivors (9216K)
 Metaspace       used 91369K, committed 93248K, reserved 1179648K
  class space    used 12231K, committed 13184K, reserved 1048576K
}
Event: 7.630 GC heap before
{Heap before GC invocations=27 (full 0):
 garbage-first heap   total 183296K, used 100115K [0x0000000080000000, 0x0000000100000000)
  region size 1024K, 17 young (17408K), 9 survivors (9216K)
 Metaspace       used 91878K, committed 93824K, reserved 1179648K
  class space    used 12305K, committed 13312K, reserved 1048576K
}
Event: 7.635 GC heap after
{Heap after GC invocations=28 (full 0):
 garbage-first heap   total 183296K, used 93592K [0x0000000080000000, 0x0000000100000000)
  region size 1024K, 5 young (5120K), 5 survivors (5120K)
 Metaspace       used 91878K, committed 93824K, reserved 1179648K
  class space    used 12305K, committed 13312K, reserved 1048576K
}
Event: 8.219 GC heap before
{Heap before GC invocations=29 (full 0):
 garbage-first heap   total 183296K, used 158104K [0x0000000080000000, 0x0000000100000000)
  region size 1024K, 67 young (68608K), 5 survivors (5120K)
 Metaspace       used 96881K, committed 98816K, reserved 1179648K
  class space    used 13146K, committed 14144K, reserved 1048576K
}
Event: 8.222 GC heap after
{Heap after GC invocations=30 (full 0):
 garbage-first heap   total 183296K, used 95715K [0x0000000080000000, 0x0000000100000000)
  region size 1024K, 3 young (3072K), 3 survivors (3072K)
 Metaspace       used 96881K, committed 98816K, reserved 1179648K
  class space    used 13146K, committed 14144K, reserved 1048576K
}
Event: 8.756 GC heap before
{Heap before GC invocations=30 (full 0):
 garbage-first heap   total 183296K, used 161251K [0x0000000080000000, 0x0000000100000000)
  region size 1024K, 67 young (68608K), 3 survivors (3072K)
 Metaspace       used 101630K, committed 103744K, reserved 1179648K
  class space    used 13850K, committed 14912K, reserved 1048576K
}
Event: 8.760 GC heap after
{Heap after GC invocations=31 (full 0):
 garbage-first heap   total 183296K, used 98173K [0x0000000080000000, 0x0000000100000000)
  region size 1024K, 7 young (7168K), 7 survivors (7168K)
 Metaspace       used 101630K, committed 103744K, reserved 1179648K
  class space    used 13850K, committed 14912K, reserved 1048576K
}
Event: 9.402 GC heap before
{Heap before GC invocations=31 (full 0):
 garbage-first heap   total 183296K, used 162685K [0x0000000080000000, 0x0000000100000000)
  region size 1024K, 70 young (71680K), 7 survivors (7168K)
 Metaspace       used 107310K, committed 109376K, reserved 1179648K
  class space    used 14625K, committed 15680K, reserved 1048576K
}
Event: 9.409 GC heap after
{Heap after GC invocations=32 (full 0):
 garbage-first heap   total 183296K, used 101898K [0x0000000080000000, 0x0000000100000000)
  region size 1024K, 8 young (8192K), 8 survivors (8192K)
 Metaspace       used 107310K, committed 109376K, reserved 1179648K
  class space    used 14625K, committed 15680K, reserved 1048576K
}
Event: 10.273 GC heap before
{Heap before GC invocations=33 (full 0):
 garbage-first heap   total 183296K, used 163338K [0x0000000080000000, 0x0000000100000000)
  region size 1024K, 69 young (70656K), 8 survivors (8192K)
 Metaspace       used 110564K, committed 112704K, reserved 1179648K
  class space    used 15117K, committed 16192K, reserved 1048576K
}
Event: 10.282 GC heap after
{Heap after GC invocations=34 (full 0):
 garbage-first heap   total 183296K, used 108938K [0x0000000080000000, 0x0000000100000000)
  region size 1024K, 9 young (9216K), 9 survivors (9216K)
 Metaspace       used 110564K, committed 112704K, reserved 1179648K
  class space    used 15117K, committed 16192K, reserved 1048576K
}
Event: 10.445 GC heap before
{Heap before GC invocations=34 (full 0):
 garbage-first heap   total 183296K, used 163210K [0x0000000080000000, 0x0000000100000000)
  region size 1024K, 62 young (63488K), 9 survivors (9216K)
 Metaspace       used 110575K, committed 112704K, reserved 1179648K
  class space    used 15118K, committed 16192K, reserved 1048576K
}
Event: 10.452 GC heap after
{Heap after GC invocations=35 (full 0):
 garbage-first heap   total 183296K, used 111784K [0x0000000080000000, 0x0000000100000000)
  region size 1024K, 5 young (5120K), 5 survivors (5120K)
 Metaspace       used 110575K, committed 112704K, reserved 1179648K
  class space    used 15118K, committed 16192K, reserved 1048576K
}
Event: 11.025 GC heap before
{Heap before GC invocations=35 (full 0):
 garbage-first heap   total 183296K, used 166056K [0x0000000080000000, 0x0000000100000000)
  region size 1024K, 59 young (60416K), 5 survivors (5120K)
 Metaspace       used 111084K, committed 113216K, reserved 1179648K
  class space    used 15220K, committed 16320K, reserved 1048576K
}
Event: 11.028 GC heap after
{Heap after GC invocations=36 (full 0):
 garbage-first heap   total 183296K, used 113572K [0x0000000080000000, 0x0000000100000000)
  region size 1024K, 6 young (6144K), 6 survivors (6144K)
 Metaspace       used 111084K, committed 113216K, reserved 1179648K
  class space    used 15220K, committed 16320K, reserved 1048576K
}

