# JRE version: OpenJDK Runtime Environment (21.0.4) (build 21.0.4+-12508038-b607.1)
# Java VM: OpenJDK 64-Bit Server VM (21.0.4+-12508038-b607.1, mixed mode, tiered, compressed oops, compressed class ptrs, g1 gc, windows-amd64)
GC Precious Log:
 CardTable entry size: 512
 Card Set container configuration: InlinePtr #cards 5 size 8 Array Of Cards #cards 12 size 40 Howl #buckets 4 coarsen threshold 1843 Howl Bitmap #cards 512 size 80 coarsen threshold 460 Card regions per heap region 1 cards per card region 2048
 CPUs: 16 total, 16 available
 Memory: 11995M
 Large Page Support: Disabled
 NUMA Support: Disabled
 Compressed Oops: Enabled (32-bit)
 Heap Region Size: 1M
 Heap Min Capacity: 8M
 Heap Initial Capacity: 188M
 Heap Max Capacity: 2G
 Pre-touch: Disabled
 Parallel Workers: 13
 Concurrent Workers: 3
 Concurrent Refinement Workers: 13
 Periodic GC: Disabled
Heap:
 garbage-first heap   total 345088K, used 261003K [0x0000000080000000, 0x0000000100000000)
  region size 1024K, 65 young (66560K), 9 survivors (9216K)
 Metaspace       used 136263K, committed 138688K, reserved 1179648K
  class space    used 18059K, committed 19328K, reserved 1048576K
GC Heap History (20 events):
Event: 23.651 GC heap before
{Heap before GC invocations=44 (full 0):
 garbage-first heap   total 276480K, used 222472K [0x0000000080000000, 0x0000000100000000)
  region size 1024K, 63 young (64512K), 7 survivors (7168K)
 Metaspace       used 114472K, committed 116736K, reserved 1179648K
  class space    used 15558K, committed 16704K, reserved 1048576K
}
Event: 23.655 GC heap after
{Heap after GC invocations=45 (full 0):
 garbage-first heap   total 276480K, used 167877K [0x0000000080000000, 0x0000000100000000)
  region size 1024K, 7 young (7168K), 7 survivors (7168K)
 Metaspace       used 114472K, committed 116736K, reserved 1179648K
  class space    used 15558K, committed 16704K, reserved 1048576K
}
Event: 25.481 GC heap before
{Heap before GC invocations=45 (full 0):
 garbage-first heap   total 276480K, used 249797K [0x0000000080000000, 0x0000000100000000)
  region size 1024K, 87 young (89088K), 7 survivors (7168K)
 Metaspace       used 114472K, committed 116736K, reserved 1179648K
  class space    used 15558K, committed 16704K, reserved 1048576K
}
Event: 25.486 GC heap after
{Heap after GC invocations=46 (full 0):
 garbage-first heap   total 276480K, used 170793K [0x0000000080000000, 0x0000000100000000)
  region size 1024K, 9 young (9216K), 9 survivors (9216K)
 Metaspace       used 114472K, committed 116736K, reserved 1179648K
  class space    used 15558K, committed 16704K, reserved 1048576K
}
Event: 26.263 GC heap before
{Heap before GC invocations=46 (full 0):
 garbage-first heap   total 276480K, used 251689K [0x0000000080000000, 0x0000000100000000)
  region size 1024K, 88 young (90112K), 9 survivors (9216K)
 Metaspace       used 114472K, committed 116736K, reserved 1179648K
  class space    used 15558K, committed 16704K, reserved 1048576K
}
Event: 26.270 GC heap after
{Heap after GC invocations=47 (full 0):
 garbage-first heap   total 276480K, used 171990K [0x0000000080000000, 0x0000000100000000)
  region size 1024K, 9 young (9216K), 9 survivors (9216K)
 Metaspace       used 114472K, committed 116736K, reserved 1179648K
  class space    used 15558K, committed 16704K, reserved 1048576K
}
Event: 27.060 GC heap before
{Heap before GC invocations=47 (full 0):
 garbage-first heap   total 276480K, used 251862K [0x0000000080000000, 0x0000000100000000)
  region size 1024K, 87 young (89088K), 9 survivors (9216K)
 Metaspace       used 114472K, committed 116736K, reserved 1179648K
  class space    used 15558K, committed 16704K, reserved 1048576K
}
Event: 27.068 GC heap after
{Heap after GC invocations=48 (full 0):
 garbage-first heap   total 276480K, used 175932K [0x0000000080000000, 0x0000000100000000)
  region size 1024K, 9 young (9216K), 9 survivors (9216K)
 Metaspace       used 114472K, committed 116736K, reserved 1179648K
  class space    used 15558K, committed 16704K, reserved 1048576K
}
Event: 27.892 GC heap before
{Heap before GC invocations=49 (full 0):
 garbage-first heap   total 293888K, used 251708K [0x0000000080000000, 0x0000000100000000)
  region size 1024K, 83 young (84992K), 9 survivors (9216K)
 Metaspace       used 114472K, committed 116736K, reserved 1179648K
  class space    used 15558K, committed 16704K, reserved 1048576K
}
Event: 27.897 GC heap after
{Heap after GC invocations=50 (full 0):
 garbage-first heap   total 293888K, used 178991K [0x0000000080000000, 0x0000000100000000)
  region size 1024K, 9 young (9216K), 9 survivors (9216K)
 Metaspace       used 114472K, committed 116736K, reserved 1179648K
  class space    used 15558K, committed 16704K, reserved 1048576K
}
Event: 28.940 GC heap before
{Heap before GC invocations=50 (full 0):
 garbage-first heap   total 293888K, used 270127K [0x0000000080000000, 0x0000000100000000)
  region size 1024K, 97 young (99328K), 9 survivors (9216K)
 Metaspace       used 116655K, committed 118976K, reserved 1179648K
  class space    used 15709K, committed 16896K, reserved 1048576K
}
Event: 28.946 GC heap after
{Heap after GC invocations=51 (full 0):
 garbage-first heap   total 293888K, used 180685K [0x0000000080000000, 0x0000000100000000)
  region size 1024K, 9 young (9216K), 9 survivors (9216K)
 Metaspace       used 116655K, committed 118976K, reserved 1179648K
  class space    used 15709K, committed 16896K, reserved 1048576K
}
Event: 30.603 GC heap before
{Heap before GC invocations=51 (full 0):
 garbage-first heap   total 293888K, used 268749K [0x0000000080000000, 0x0000000100000000)
  region size 1024K, 95 young (97280K), 9 survivors (9216K)
 Metaspace       used 125456K, committed 127744K, reserved 1179648K
  class space    used 16919K, committed 18112K, reserved 1048576K
}
Event: 30.611 GC heap after
{Heap after GC invocations=52 (full 0):
 garbage-first heap   total 293888K, used 185228K [0x0000000080000000, 0x0000000100000000)
  region size 1024K, 10 young (10240K), 10 survivors (10240K)
 Metaspace       used 125456K, committed 127744K, reserved 1179648K
  class space    used 16919K, committed 18112K, reserved 1048576K
}
Event: 34.310 GC heap before
{Heap before GC invocations=53 (full 0):
 garbage-first heap   total 311296K, used 270220K [0x0000000080000000, 0x0000000100000000)
  region size 1024K, 89 young (91136K), 10 survivors (10240K)
 Metaspace       used 129163K, committed 131520K, reserved 1179648K
  class space    used 17224K, committed 18432K, reserved 1048576K
}
Event: 34.321 GC heap after
{Heap after GC invocations=54 (full 0):
 garbage-first heap   total 311296K, used 191923K [0x0000000080000000, 0x0000000100000000)
  region size 1024K, 12 young (12288K), 12 survivors (12288K)
 Metaspace       used 129163K, committed 131520K, reserved 1179648K
  class space    used 17224K, committed 18432K, reserved 1048576K
}
Event: 35.187 GC heap before
{Heap before GC invocations=54 (full 0):
 garbage-first heap   total 311296K, used 281011K [0x0000000080000000, 0x0000000100000000)
  region size 1024K, 100 young (102400K), 12 survivors (12288K)
 Metaspace       used 129651K, committed 132032K, reserved 1179648K
  class space    used 17271K, committed 18496K, reserved 1048576K
}
Event: 35.196 GC heap after
{Heap after GC invocations=55 (full 0):
 garbage-first heap   total 311296K, used 196868K [0x0000000080000000, 0x0000000100000000)
  region size 1024K, 8 young (8192K), 8 survivors (8192K)
 Metaspace       used 129651K, committed 132032K, reserved 1179648K
  class space    used 17271K, committed 18496K, reserved 1048576K
}
Event: 35.955 GC heap before
{Heap before GC invocations=55 (full 0):
 garbage-first heap   total 311296K, used 285956K [0x0000000080000000, 0x0000000100000000)
  region size 1024K, 95 young (97280K), 8 survivors (8192K)
 Metaspace       used 133445K, committed 135808K, reserved 1179648K
  class space    used 17687K, committed 18880K, reserved 1048576K
}
Event: 35.963 GC heap after
{Heap after GC invocations=56 (full 0):
 garbage-first heap   total 311296K, used 205707K [0x0000000080000000, 0x0000000100000000)
  region size 1024K, 9 young (9216K), 9 survivors (9216K)
 Metaspace       used 133445K, committed 135808K, reserved 1179648K
  class space    used 17687K, committed 18880K, reserved 1048576K
}

