# JRE version: OpenJDK Runtime Environment (21.0.4) (build 21.0.4+-12508038-b607.1)
# Java VM: OpenJDK 64-Bit Server VM (21.0.4+-12508038-b607.1, mixed mode, tiered, compressed oops, compressed class ptrs, g1 gc, windows-amd64)
GC Precious Log:
 CardTable entry size: 512
 Card Set container configuration: InlinePtr #cards 5 size 8 Array Of Cards #cards 12 size 40 Howl #buckets 4 coarsen threshold 1843 Howl Bitmap #cards 512 size 80 coarsen threshold 460 Card regions per heap region 1 cards per card region 2048
 CPUs: 16 total, 16 available
 Memory: 11995M
 Large Page Support: Disabled
 NUMA Support: Disabled
 Compressed Oops: Enabled (32-bit)
 Heap Region Size: 1M
 Heap Min Capacity: 8M
 Heap Initial Capacity: 188M
 Heap Max Capacity: 2G
 Pre-touch: Disabled
 Parallel Workers: 13
 Concurrent Workers: 3
 Concurrent Refinement Workers: 13
 Periodic GC: Disabled
Heap:
 garbage-first heap   total 331776K, used 279078K [0x0000000080000000, 0x0000000100000000)
  region size 1024K, 90 young (92160K), 10 survivors (10240K)
 Metaspace       used 131998K, committed 134528K, reserved 1179648K
  class space    used 17513K, committed 18816K, reserved 1048576K
GC Heap History (20 events):
Event: 14.484 GC heap before
{Heap before GC invocations=46 (full 0):
 garbage-first heap   total 273408K, used 249194K [0x0000000080000000, 0x0000000100000000)
  region size 1024K, 90 young (92160K), 9 survivors (9216K)
 Metaspace       used 110770K, committed 113088K, reserved 1179648K
  class space    used 15113K, committed 16256K, reserved 1048576K
}
Event: 14.488 GC heap after
{Heap after GC invocations=47 (full 0):
 garbage-first heap   total 273408K, used 168934K [0x0000000080000000, 0x0000000100000000)
  region size 1024K, 9 young (9216K), 9 survivors (9216K)
 Metaspace       used 110770K, committed 113088K, reserved 1179648K
  class space    used 15113K, committed 16256K, reserved 1048576K
}
Event: 15.108 GC heap before
{Heap before GC invocations=48 (full 0):
 garbage-first heap   total 283648K, used 247782K [0x0000000080000000, 0x0000000100000000)
  region size 1024K, 86 young (88064K), 9 survivors (9216K)
 Metaspace       used 110770K, committed 113088K, reserved 1179648K
  class space    used 15113K, committed 16256K, reserved 1048576K
}
Event: 15.113 GC heap after
{Heap after GC invocations=49 (full 0):
 garbage-first heap   total 283648K, used 171640K [0x0000000080000000, 0x0000000100000000)
  region size 1024K, 8 young (8192K), 8 survivors (8192K)
 Metaspace       used 110770K, committed 113088K, reserved 1179648K
  class space    used 15113K, committed 16256K, reserved 1048576K
}
Event: 15.580 GC heap before
{Heap before GC invocations=49 (full 0):
 garbage-first heap   total 283648K, used 259704K [0x0000000080000000, 0x0000000100000000)
  region size 1024K, 94 young (96256K), 8 survivors (8192K)
 Metaspace       used 110771K, committed 113088K, reserved 1179648K
  class space    used 15113K, committed 16256K, reserved 1048576K
}
Event: 15.587 GC heap after
{Heap after GC invocations=50 (full 0):
 garbage-first heap   total 283648K, used 172493K [0x0000000080000000, 0x0000000100000000)
  region size 1024K, 8 young (8192K), 8 survivors (8192K)
 Metaspace       used 110771K, committed 113088K, reserved 1179648K
  class space    used 15113K, committed 16256K, reserved 1048576K
}
Event: 16.032 GC heap before
{Heap before GC invocations=50 (full 0):
 garbage-first heap   total 283648K, used 258509K [0x0000000080000000, 0x0000000100000000)
  region size 1024K, 92 young (94208K), 8 survivors (8192K)
 Metaspace       used 110771K, committed 113088K, reserved 1179648K
  class space    used 15113K, committed 16256K, reserved 1048576K
}
Event: 16.041 GC heap after
{Heap after GC invocations=51 (full 0):
 garbage-first heap   total 283648K, used 176048K [0x0000000080000000, 0x0000000100000000)
  region size 1024K, 9 young (9216K), 9 survivors (9216K)
 Metaspace       used 110771K, committed 113088K, reserved 1179648K
  class space    used 15113K, committed 16256K, reserved 1048576K
}
Event: 16.587 GC heap before
{Heap before GC invocations=52 (full 0):
 garbage-first heap   total 295936K, used 257968K [0x0000000080000000, 0x0000000100000000)
  region size 1024K, 89 young (91136K), 9 survivors (9216K)
 Metaspace       used 110775K, committed 113088K, reserved 1179648K
  class space    used 15113K, committed 16256K, reserved 1048576K
}
Event: 16.594 GC heap after
{Heap after GC invocations=53 (full 0):
 garbage-first heap   total 295936K, used 177952K [0x0000000080000000, 0x0000000100000000)
  region size 1024K, 8 young (8192K), 8 survivors (8192K)
 Metaspace       used 110775K, committed 113088K, reserved 1179648K
  class space    used 15113K, committed 16256K, reserved 1048576K
}
Event: 17.047 GC heap before
{Heap before GC invocations=53 (full 0):
 garbage-first heap   total 295936K, used 271136K [0x0000000080000000, 0x0000000100000000)
  region size 1024K, 99 young (101376K), 8 survivors (8192K)
 Metaspace       used 110775K, committed 113088K, reserved 1179648K
  class space    used 15113K, committed 16256K, reserved 1048576K
}
Event: 17.063 GC heap after
{Heap after GC invocations=54 (full 0):
 garbage-first heap   total 295936K, used 179801K [0x0000000080000000, 0x0000000100000000)
  region size 1024K, 8 young (8192K), 8 survivors (8192K)
 Metaspace       used 110775K, committed 113088K, reserved 1179648K
  class space    used 15113K, committed 16256K, reserved 1048576K
}
Event: 17.327 GC heap before
{Heap before GC invocations=54 (full 0):
 garbage-first heap   total 295936K, used 219737K [0x0000000080000000, 0x0000000100000000)
  region size 1024K, 49 young (50176K), 8 survivors (8192K)
 Metaspace       used 111618K, committed 113856K, reserved 1179648K
  class space    used 15179K, committed 16320K, reserved 1048576K
}
Event: 17.333 GC heap after
{Heap after GC invocations=55 (full 0):
 garbage-first heap   total 295936K, used 181877K [0x0000000080000000, 0x0000000100000000)
  region size 1024K, 8 young (8192K), 8 survivors (8192K)
 Metaspace       used 111618K, committed 113856K, reserved 1179648K
  class space    used 15179K, committed 16320K, reserved 1048576K
}
Event: 18.488 GC heap before
{Heap before GC invocations=56 (full 0):
 garbage-first heap   total 309248K, used 270965K [0x0000000080000000, 0x0000000100000000)
  region size 1024K, 94 young (96256K), 8 survivors (8192K)
 Metaspace       used 121167K, committed 123584K, reserved 1179648K
  class space    used 16401K, committed 17664K, reserved 1048576K
}
Event: 18.496 GC heap after
{Heap after GC invocations=57 (full 0):
 garbage-first heap   total 309248K, used 185431K [0x0000000080000000, 0x0000000100000000)
  region size 1024K, 9 young (9216K), 9 survivors (9216K)
 Metaspace       used 121167K, committed 123584K, reserved 1179648K
  class space    used 16401K, committed 17664K, reserved 1048576K
}
Event: 19.331 GC heap before
{Heap before GC invocations=57 (full 0):
 garbage-first heap   total 309248K, used 286807K [0x0000000080000000, 0x0000000100000000)
  region size 1024K, 104 young (106496K), 9 survivors (9216K)
 Metaspace       used 125518K, committed 127872K, reserved 1179648K
  class space    used 16775K, committed 17984K, reserved 1048576K
}
Event: 19.339 GC heap after
{Heap after GC invocations=58 (full 0):
 garbage-first heap   total 309248K, used 190597K [0x0000000080000000, 0x0000000100000000)
  region size 1024K, 13 young (13312K), 13 survivors (13312K)
 Metaspace       used 125518K, committed 127872K, reserved 1179648K
  class space    used 16775K, committed 17984K, reserved 1048576K
}
Event: 19.908 GC heap before
{Heap before GC invocations=58 (full 0):
 garbage-first heap   total 309248K, used 278661K [0x0000000080000000, 0x0000000100000000)
  region size 1024K, 99 young (101376K), 13 survivors (13312K)
 Metaspace       used 127200K, committed 129600K, reserved 1179648K
  class space    used 16960K, committed 18176K, reserved 1048576K
}
Event: 19.918 GC heap after
{Heap after GC invocations=59 (full 0):
 garbage-first heap   total 309248K, used 198182K [0x0000000080000000, 0x0000000100000000)
  region size 1024K, 10 young (10240K), 10 survivors (10240K)
 Metaspace       used 127200K, committed 129600K, reserved 1179648K
  class space    used 16960K, committed 18176K, reserved 1048576K
}

